[debug] [2026-06-21T10:19:37.022Z] ----------------------------------------------------------------------
[debug] [2026-06-21T10:19:37.024Z] Command:       C:\Program Files\nodejs\node.exe C:\Users\6IX9INE\AppData\Roaming\npm\node_modules\firebase-tools\lib\bin\firebase.js apps:create android rubik_solver (android) --package-name=com.cubesolver-ai.app --json --project=cubesolver-ai
[debug] [2026-06-21T10:19:37.024Z] CLI Version:   15.22.0
[debug] [2026-06-21T10:19:37.024Z] Platform:      win32
[debug] [2026-06-21T10:19:37.024Z] Node Version:  v24.13.1
[debug] [2026-06-21T10:19:37.024Z] Detected Agent: unknown
[debug] [2026-06-21T10:19:37.024Z] Time:          Sun Jun 21 2026 15:49:37 GMT+0530 (India Standard Time)
[debug] [2026-06-21T10:19:37.024Z] ----------------------------------------------------------------------
[debug] 
[debug] [2026-06-21T10:19:37.057Z] > command requires scopes: ["email","openid","https://www.googleapis.com/auth/cloudplatformprojects.readonly","https://www.googleapis.com/auth/firebase","https://www.googleapis.com/auth/cloud-platform"]
[debug] [2026-06-21T10:19:37.057Z] > authorizing via signed-in user (anukgamage1967@gmail.com)
[info] Create your ANDROID app in project cubesolver-ai:
[debug] [2026-06-21T10:19:37.059Z] Checked if tokens are valid: true, expires at: 1782039209378
[debug] [2026-06-21T10:19:37.060Z] Checked if tokens are valid: true, expires at: 1782039209378
[debug] [2026-06-21T10:19:37.060Z] >>> [apiv2][query] POST https://firebase.googleapis.com/v1beta1/projects/cubesolver-ai/androidApps [none]
[debug] [2026-06-21T10:19:37.060Z] >>> [apiv2][body] POST https://firebase.googleapis.com/v1beta1/projects/cubesolver-ai/androidApps {"displayName":"rubik_solver (android)","packageName":"com.cubesolver-ai.app"}
[debug] [2026-06-21T10:19:37.479Z] <<< [apiv2][status] POST https://firebase.googleapis.com/v1beta1/projects/cubesolver-ai/androidApps 400
[debug] [2026-06-21T10:19:37.480Z] <<< [apiv2][body] POST https://firebase.googleapis.com/v1beta1/projects/cubesolver-ai/androidApps {"error":{"code":400,"message":"Request contains an invalid argument.","status":"INVALID_ARGUMENT"}}
[debug] [2026-06-21T10:19:37.486Z] Request to https://firebase.googleapis.com/v1beta1/projects/cubesolver-ai/androidApps had HTTP Error: 400, Request contains an invalid argument.
[debug] [2026-06-21T10:19:37.754Z] FirebaseError: Request to https://firebase.googleapis.com/v1beta1/projects/cubesolver-ai/androidApps had HTTP Error: 400, Request contains an invalid argument.
    at responseToError (C:\Users\6IX9INE\AppData\Roaming\npm\node_modules\firebase-tools\lib\responseToError.js:53:12)
    at RetryOperation._fn (C:\Users\6IX9INE\AppData\Roaming\npm\node_modules\firebase-tools\lib\apiv2.js:333:77)
    at process.processTicksAndRejections (node:internal/process/task_queues:103:5)
[error] 
[error] Error: Failed to create Android app for project cubesolver-ai. See firebase-debug.log for more info.
